{
    "time": "2025-11-11T10:42:24+01:00",
    "cmd": "python \"C:\\xampp\\htdocs\\ai-antibiotic\\web\\predict_patient.py\" \"--b64\"",
    "return": 1,
    "stdout": "",
    "stderr": "Traceback (most recent call last):\r\n  File \"C:\\xampp\\htdocs\\ai-antibiotic\\web\\predict_patient.py\", line 23, in <module>\r\n    def _json_default(obj: Any):\r\n                           ^^^\r\nNameError: name 'Any' is not defined. Did you mean: 'any'?\r\n",
    "sent_json": "{\"age\":\"23\"}"
}
{
    "time": "2025-11-11T10:45:02+01:00",
    "cmd": "python \"C:\\xampp\\htdocs\\ai-antibiotic\\web\\predict_patient.py\" \"--b64\"",
    "return": 2,
    "stdout": "",
    "stderr": "usage: predict_patient.py [-h]\r\n                          [--input-json INPUT_JSON | --input-file INPUT_FILE]\r\n                          [--state-path STATE_PATH]\r\npredict_patient.py: error: unrecognized arguments: --b64\r\n",
    "sent_json": "{\"age\":\"23\"}"
}
{
    "time": "2025-11-11T10:48:09+01:00",
    "cmd": "python \"C:\\xampp\\htdocs\\ai-antibiotic\\web\\predict_patient.py\" \"--b64\"",
    "return": 2,
    "stdout": "{\"status\": \"error\", \"message\": \"Kh\\u00f4ng th\\u1ec3 t\\u1ea3i m\\u00f4 h\\u00ecnh: 'Namespace' object has no attribute 'state_path'\"}\r\n",
    "stderr": "C:\\xampp\\htdocs\\ai-antibiotic\\web\\predict_patient.py:110: DeprecationWarning: datetime.datetime.utcnow() is deprecated and scheduled for removal in a future version. Use timezone-aware objects to represent datetimes in UTC: datetime.datetime.now(datetime.UTC).\r\n  f.write(f\"{datetime.utcnow().isoformat()}Z -- {s}\\n\")\r\n",
    "sent_json": "{\"age\":\"23\"}"
}
